<?xml version="1.0" encoding="UTF-8"?>
<testsuite name="test.java.ven.VendingmachineTest" tests="10" skipped="0" failures="0" errors="0" timestamp="2020-06-22T09:12:54" hostname="DESKTOP-GMKJ2BG" time="0.741">
  <properties/>
  <testcase name="Systemtest()" classname="test.java.ven.VendingmachineTest" time="0.547"/>
  <testcase name="testPay()" classname="test.java.ven.VendingmachineTest" time="0.001"/>
  <testcase name="testFalseMode()" classname="test.java.ven.VendingmachineTest" time="0.1"/>
  <testcase name="testDrink()" classname="test.java.ven.VendingmachineTest" time="0.0"/>
  <testcase name="testEnoughQuantity()" classname="test.java.ven.VendingmachineTest" time="0.001"/>
  <testcase name="testCGameFDrink()" classname="test.java.ven.VendingmachineTest" time="0.034"/>
  <testcase name="testCGameFDollar()" classname="test.java.ven.VendingmachineTest" time="0.04"/>
  <testcase name="testCharge()" classname="test.java.ven.VendingmachineTest" time="0.001"/>
  <testcase name="testEnoughMoney()" classname="test.java.ven.VendingmachineTest" time="0.001"/>
  <testcase name="testRefill()" classname="test.java.ven.VendingmachineTest" time="0.001"/>
  <system-out><![CDATA[]]></system-out>
  <system-err><![CDATA[]]></system-err>
</testsuite>
